<?xml version="1.0" encoding="UTF-8"?>
<testsuite name="gay.nyaa.purrminions.db.MinionRepositoryTest" tests="7" skipped="0" failures="0" errors="0" timestamp="2026-09-12T11:35:00.457Z" hostname="x270" time="4.338">
  <properties/>
  <testcase name="loadAll should return all minions()" classname="gay.nyaa.purrminions.db.MinionRepositoryTest" time="3.909"/>
  <testcase name="save should insert minion()" classname="gay.nyaa.purrminions.db.MinionRepositoryTest" time="0.316"/>
  <testcase name="migrate should create table()" classname="gay.nyaa.purrminions.db.MinionRepositoryTest" time="0.015"/>
  <testcase name="deserialization should handle empty json()" classname="gay.nyaa.purrminions.db.MinionRepositoryTest" time="0.042"/>
  <testcase name="serialization should handle empty storage()" classname="gay.nyaa.purrminions.db.MinionRepositoryTest" time="0.011"/>
  <testcase name="delete should remove minion()" classname="gay.nyaa.purrminions.db.MinionRepositoryTest" time="0.015"/>
  <testcase name="loadByOwner should filter by owner()" classname="gay.nyaa.purrminions.db.MinionRepositoryTest" time="0.018"/>
  <system-out><![CDATA[]]></system-out>
  <system-err><![CDATA[SLF4J(W): No SLF4J providers were found.
SLF4J(W): Defaulting to no-operation (NOP) logger implementation
SLF4J(W): See https://www.slf4j.org/codes.html#noProviders for further details.
WARNING: A Java agent has been loaded dynamically (/home/lucy/.gradle/caches/modules-2/files-2.1/net.bytebuddy/byte-buddy-agent/1.14.17/e3c251a39dc90badaf71c83427ba46840f219d8d/byte-buddy-agent-1.14.17.jar)
WARNING: If a serviceability tool is in use, please run with -XX:+EnableDynamicAgentLoading to hide this warning
WARNING: If a serviceability tool is not in use, please run with -Djdk.instrument.traceUsage for more information
WARNING: Dynamic loading of agents will be disallowed by default in a future release
]]></system-err>
</testsuite>
