<?xml version="1.0" encoding="UTF-8"?>
<testsuite name="gay.nyaa.purrminions.domain.MinionActionTest" tests="2" skipped="0" failures="0" errors="0" timestamp="2026-09-12T11:35:04.810Z" hostname="x270" time="0.004">
  <properties/>
  <testcase name="should have 5 actions()" classname="gay.nyaa.purrminions.domain.MinionActionTest" time="0.002"/>
  <testcase name="all minion actions should be accessible()" classname="gay.nyaa.purrminions.domain.MinionActionTest" time="0.001"/>
  <system-out><![CDATA[]]></system-out>
  <system-err><![CDATA[]]></system-err>
</testsuite>
